#
# There is insufficient memory for the Java Runtime Environment to continue.
# Native memory allocation (malloc) failed to allocate 131088 bytes for Chunk::new
# Possible reasons:
#   The system is out of physical RAM or swap space
#   The process is running with CompressedOops enabled, and the Java Heap may be blocking the growth of the native heap
# Possible solutions:
#   Reduce memory load on the system
#   Increase physical memory or swap space
#   Check if swap backing store is full
#   Decrease Java heap size (-Xmx/-Xms)
#   Decrease number of Java threads
#   Decrease Java thread stack sizes (-Xss)
#   Set larger code cache with -XX:ReservedCodeCacheSize=
#   JVM is running with Zero Based Compressed Oops mode in which the Java heap is
#     placed in the first 32GB address space. The Java Heap base address is the
#     maximum limit for the native heap growth. Please use -XX:HeapBaseMinAddress
#     to set the Java Heap base and to place the Java Heap above 32GB virtual address.
# This output file may be truncated or incomplete.
#
#  Out of Memory Error (arena.cpp:168), pid=9388, tid=17692
#
# JRE version: Java(TM) SE Runtime Environment (21.0.1+12) (build 21.0.1+12-LTS-29)
# Java VM: Java HotSpot(TM) 64-Bit Server VM (21.0.1+12-LTS-29, mixed mode, sharing, tiered, compressed oops, compressed class ptrs, g1 gc, windows-amd64)
# No core dump will be written. Minidumps are not enabled by default on client versions of Windows
#

---------------  S U M M A R Y ------------

Command Line: -ea -DnodeNamesHandler=org.jetbrains.plugins.cucumber.java.run.CucumberTestTreeNodeManager -Didea.test.cyclic.buffer.size=1048576 -javaagent:C:\Program Files\JetBrains\IntelliJ IDEA Community Edition 2023.2.4\lib\idea_rt.jar=60582:C:\Program Files\JetBrains\IntelliJ IDEA Community Edition 2023.2.4\bin -Dfile.encoding=UTF-8 -Dsun.stdout.encoding=UTF-8 -Dsun.stderr.encoding=UTF-8 com.intellij.rt.junit.JUnitStarter -ideVersion5 -junit4 bdd.runner.Runner

Host: Intel(R) Core(TM) i7-6500U CPU @ 2.50GHz, 4 cores, 11G,  Windows 10 , 64 bit Build 19041 (10.0.19041.3636)
Time: Wed Dec 27 23:52:25 2023 Hora est. Pacífico, Sudamérica elapsed time: 23.754787 seconds (0d 0h 0m 23s)

---------------  T H R E A D  ---------------

Current thread (0x0000022bf536a0d0):  JavaThread "C2 CompilerThread1" daemon [_thread_in_native, id=17692, stack(0x0000004457c00000,0x0000004457d00000) (1024K)]


Current CompileTask:
C2:  23754 3038       4       sun.security.ec.ECOperations::setDouble (463 bytes)

Stack: [0x0000004457c00000,0x0000004457d00000]
Native frames: (J=compiled Java code, j=interpreted, Vv=VM code, C=native code)
V  [jvm.dll+0x6c9029]
V  [jvm.dll+0x854b81]
V  [jvm.dll+0x856e5e]
V  [jvm.dll+0x857543]
V  [jvm.dll+0x280c06]
V  [jvm.dll+0xc3ead]
V  [jvm.dll+0xc43c3]
V  [jvm.dll+0xc3fd5]
V  [jvm.dll+0x6a5c9c]
V  [jvm.dll+0x60208e]
V  [jvm.dll+0x5f106b]
V  [jvm.dll+0x5f0c95]
V  [jvm.dll+0x7ba6e5]
V  [jvm.dll+0x7b1cfc]
V  [jvm.dll+0x7bd70a]
V  [jvm.dll+0x5f4a41]
V  [jvm.dll+0x252bef]
V  [jvm.dll+0x252fbf]
V  [jvm.dll+0x24b734]
V  [jvm.dll+0x248fa3]
V  [jvm.dll+0x1c9ca1]
V  [jvm.dll+0x2586b9]
V  [jvm.dll+0x256c9a]
V  [jvm.dll+0x3ef1b6]
V  [jvm.dll+0x7fd728]
V  [jvm.dll+0x6c777d]
C  [ucrtbase.dll+0x21bb2]
C  [KERNEL32.DLL+0x17344]
C  [ntdll.dll+0x526b1]


---------------  P R O C E S S  ---------------

Threads class SMR info:
_java_thread_list=0x0000022bf76d7070, length=26, elements={
0x0000022b9079dd10, 0x0000022bafd08e80, 0x0000022bafd0bcb0, 0x0000022bafd11a60,
0x0000022bafd124c0, 0x0000022bafd136c0, 0x0000022bafd14ed0, 0x0000022bafd1b910,
0x0000022bafd1d700, 0x0000022bf505e900, 0x0000022bf51b46d0, 0x0000022bf51b6d50,
0x0000022bf64cfdd0, 0x0000022bf51a3b50, 0x0000022bf5f178d0, 0x0000022bf7394840,
0x0000022bf7394eb0, 0x0000022bf7395520, 0x0000022bf6d25570, 0x0000022bf6d24ee0,
0x0000022bf6d27640, 0x0000022bf6d27cd0, 0x0000022bf6d25c00, 0x0000022bf6d26290,
0x0000022bf6d26920, 0x0000022bf536a0d0
}

Java Threads: ( => current thread )
  0x0000022b9079dd10 JavaThread "main"                              [_thread_in_native, id=13200, stack(0x0000004455f00000,0x0000004456000000) (1024K)]
  0x0000022bafd08e80 JavaThread "Reference Handler"          daemon [_thread_blocked, id=16728, stack(0x0000004456700000,0x0000004456800000) (1024K)]
  0x0000022bafd0bcb0 JavaThread "Finalizer"                  daemon [_thread_blocked, id=16096, stack(0x0000004456800000,0x0000004456900000) (1024K)]
  0x0000022bafd11a60 JavaThread "Signal Dispatcher"          daemon [_thread_blocked, id=12804, stack(0x0000004456900000,0x0000004456a00000) (1024K)]
  0x0000022bafd124c0 JavaThread "Attach Listener"            daemon [_thread_blocked, id=17996, stack(0x0000004456a00000,0x0000004456b00000) (1024K)]
  0x0000022bafd136c0 JavaThread "Service Thread"             daemon [_thread_blocked, id=11136, stack(0x0000004456b00000,0x0000004456c00000) (1024K)]
  0x0000022bafd14ed0 JavaThread "Monitor Deflation Thread"   daemon [_thread_blocked, id=17988, stack(0x0000004456c00000,0x0000004456d00000) (1024K)]
  0x0000022bafd1b910 JavaThread "C2 CompilerThread0"         daemon [_thread_in_native, id=17972, stack(0x0000004456d00000,0x0000004456e00000) (1024K)]
  0x0000022bafd1d700 JavaThread "C1 CompilerThread0"         daemon [_thread_blocked, id=4756, stack(0x0000004456e00000,0x0000004456f00000) (1024K)]
  0x0000022bf505e900 JavaThread "Common-Cleaner"             daemon [_thread_blocked, id=10280, stack(0x0000004456f00000,0x0000004457000000) (1024K)]
  0x0000022bf51b46d0 JavaThread "Monitor Ctrl-Break"         daemon [_thread_in_native, id=15072, stack(0x0000004457000000,0x0000004457100000) (1024K)]
  0x0000022bf51b6d50 JavaThread "Notification Thread"        daemon [_thread_blocked, id=15604, stack(0x0000004457100000,0x0000004457200000) (1024K)]
  0x0000022bf64cfdd0 JavaThread "ForkJoinPool.commonPool-worker-1" daemon [_thread_blocked, id=7248, stack(0x0000004457200000,0x0000004457300000) (1024K)]
  0x0000022bf51a3b50 JavaThread "HttpClient-1-SelectorManager" daemon [_thread_in_native, id=4020, stack(0x0000004457600000,0x0000004457700000) (1024K)]
  0x0000022bf5f178d0 JavaThread "Thread-3"                          [_thread_in_native, id=9968, stack(0x0000004457700000,0x0000004457800000) (1024K)]
  0x0000022bf7394840 JavaThread "Driver Service Executor"    daemon [_thread_blocked, id=17540, stack(0x0000004457800000,0x0000004457900000) (1024K)]
  0x0000022bf7394eb0 JavaThread "Driver Service Executor"    daemon [_thread_in_native, id=7816, stack(0x0000004457900000,0x0000004457a00000) (1024K)]
  0x0000022bf7395520 JavaThread "UrlChecker-2"               daemon [_thread_blocked, id=10840, stack(0x0000004457a00000,0x0000004457b00000) (1024K)]
  0x0000022bf6d25570 JavaThread "pool-1-thread-1"                   [_thread_blocked, id=17836, stack(0x0000004457d00000,0x0000004457e00000) (1024K)]
  0x0000022bf6d24ee0 JavaThread "pool-1-thread-2"                   [_thread_blocked, id=16680, stack(0x0000004457e00000,0x0000004457f00000) (1024K)]
  0x0000022bf6d27640 JavaThread "HttpClient-2-SelectorManager" daemon [_thread_in_native, id=17992, stack(0x0000004457f00000,0x0000004458000000) (1024K)]
  0x0000022bf6d27cd0 JavaThread "pool-2-thread-1"                   [_thread_blocked, id=12364, stack(0x0000004458000000,0x0000004458100000) (1024K)]
  0x0000022bf6d25c00 JavaThread "pool-2-thread-2"                   [_thread_blocked, id=17324, stack(0x0000004458100000,0x0000004458200000) (1024K)]
  0x0000022bf6d26290 JavaThread "pool-2-thread-3"                   [_thread_blocked, id=8608, stack(0x0000004458200000,0x0000004458300000) (1024K)]
  0x0000022bf6d26920 JavaThread "pool-1-thread-3"                   [_thread_blocked, id=284, stack(0x0000004458300000,0x0000004458400000) (1024K)]
=>0x0000022bf536a0d0 JavaThread "C2 CompilerThread1"         daemon [_thread_in_native, id=17692, stack(0x0000004457c00000,0x0000004457d00000) (1024K)]
Total: 26

Other Threads:
  0x0000022bafceb0a0 VMThread "VM Thread"                           [id=13104, stack(0x0000004456600000,0x0000004456700000) (1024K)]
  0x0000022b9293e8b0 WatcherThread "VM Periodic Task Thread"        [id=7352, stack(0x0000004456500000,0x0000004456600000) (1024K)]
  0x0000022b928ca0a0 WorkerThread "GC Thread#0"                     [id=7840, stack(0x0000004456000000,0x0000004456100000) (1024K)]
  0x0000022bf5e4c940 WorkerThread "GC Thread#1"                     [id=4168, stack(0x0000004457300000,0x0000004457400000) (1024K)]
  0x0000022bf5730490 WorkerThread "GC Thread#2"                     [id=3652, stack(0x0000004457400000,0x0000004457500000) (1024K)]
  0x0000022bf5efefc0 WorkerThread "GC Thread#3"                     [id=4940, stack(0x0000004457500000,0x0000004457600000) (1024K)]
  0x0000022b928d7080 ConcurrentGCThread "G1 Main Marker"            [id=6232, stack(0x0000004456100000,0x0000004456200000) (1024K)]
  0x0000022b928d8320 WorkerThread "G1 Conc#0"                       [id=11936, stack(0x0000004456200000,0x0000004456300000) (1024K)]
  0x0000022bafbb10a0 ConcurrentGCThread "G1 Refine#0"               [id=12712, stack(0x0000004456300000,0x0000004456400000) (1024K)]
  0x0000022bafbb1b20 ConcurrentGCThread "G1 Service"                [id=5092, stack(0x0000004456400000,0x0000004456500000) (1024K)]
Total: 10

Threads with active compile tasks:
C2 CompilerThread0    24136 3056       4       sun.security.ec.ECOperations::setSum (685 bytes)
C2 CompilerThread1    24136 3038       4       sun.security.ec.ECOperations::setDouble (463 bytes)
Total: 2

VM state: not at safepoint (normal execution)

VM Mutex/Monitor currently owned by a thread: None

Heap address: 0x0000000741a00000, size: 3046 MB, Compressed Oops mode: Zero based, Oop shift amount: 3

CDS archive(s) mapped at: [0x0000022bb0000000-0x0000022bb0c90000-0x0000022bb0c90000), size 13172736, SharedBaseAddress: 0x0000022bb0000000, ArchiveRelocationMode: 1.
Compressed class space mapped at: 0x0000022bb1000000-0x0000022bf1000000, reserved size: 1073741824
Narrow klass base: 0x0000022bb0000000, Narrow klass shift: 0, Narrow klass range: 0x100000000

GC Precious Log:
 CardTable entry size: 512
 Card Set container configuration: InlinePtr #cards 4 size 8 Array Of Cards #cards 16 size 48 Howl #buckets 8 coarsen threshold 3686 Howl Bitmap #cards 512 size 80 coarsen threshold 460 Card regions per heap region 1 cards per card region 4096
 CPUs: 4 total, 4 available
 Memory: 12178M
 Large Page Support: Disabled
 NUMA Support: Disabled
 Compressed Oops: Enabled (Zero based)
 Heap Region Size: 2M
 Heap Min Capacity: 8M
 Heap Initial Capacity: 192M
 Heap Max Capacity: 3046M
 Pre-touch: Disabled
 Parallel Workers: 4
 Concurrent Workers: 1
 Concurrent Refinement Workers: 4
 Periodic GC: Disabled

Heap:
 garbage-first heap   total 55296K, used 27467K [0x0000000741a00000, 0x0000000800000000)
  region size 2048K, 12 young (24576K), 4 survivors (8192K)
 Metaspace       used 24637K, committed 25088K, reserved 1114112K
  class space    used 3047K, committed 3264K, reserved 1048576K

Heap Regions: E=young(eden), S=young(survivor), O=old, HS=humongous(starts), HC=humongous(continues), CS=collection set, F=free, TAMS=top-at-mark-start, PB=parsable bottom
|   0|0x0000000741a00000, 0x0000000741c00000, 0x0000000741c00000|100%| O|  |TAMS 0x0000000741a00000| PB 0x0000000741a00000| Untracked 
|   1|0x0000000741c00000, 0x0000000741e00000, 0x0000000741e00000|100%| O|  |TAMS 0x0000000741c00000| PB 0x0000000741c00000| Untracked 
|   2|0x0000000741e00000, 0x0000000741fd3640, 0x0000000742000000| 91%| O|  |TAMS 0x0000000741e00000| PB 0x0000000741e00000| Untracked 
|   3|0x0000000742000000, 0x0000000742000000, 0x0000000742200000|  0%| F|  |TAMS 0x0000000742000000| PB 0x0000000742000000| Untracked 
|   4|0x0000000742200000, 0x0000000742200000, 0x0000000742400000|  0%| F|  |TAMS 0x0000000742200000| PB 0x0000000742200000| Untracked 
|   5|0x0000000742400000, 0x0000000742400000, 0x0000000742600000|  0%| F|  |TAMS 0x0000000742400000| PB 0x0000000742400000| Untracked 
|   6|0x0000000742600000, 0x0000000742600000, 0x0000000742800000|  0%| F|  |TAMS 0x0000000742600000| PB 0x0000000742600000| Untracked 
|   7|0x0000000742800000, 0x0000000742800000, 0x0000000742a00000|  0%| F|  |TAMS 0x0000000742800000| PB 0x0000000742800000| Untracked 
|   8|0x0000000742a00000, 0x0000000742a00000, 0x0000000742c00000|  0%| F|  |TAMS 0x0000000742a00000| PB 0x0000000742a00000| Untracked 
|   9|0x0000000742c00000, 0x0000000742c00000, 0x0000000742e00000|  0%| F|  |TAMS 0x0000000742c00000| PB 0x0000000742c00000| Untracked 
|  10|0x0000000742e00000, 0x0000000742e00000, 0x0000000743000000|  0%| F|  |TAMS 0x0000000742e00000| PB 0x0000000742e00000| Untracked 
|  11|0x0000000743000000, 0x0000000743000000, 0x0000000743200000|  0%| F|  |TAMS 0x0000000743000000| PB 0x0000000743000000| Untracked 
|  12|0x0000000743200000, 0x0000000743200000, 0x0000000743400000|  0%| F|  |TAMS 0x0000000743200000| PB 0x0000000743200000| Untracked 
|  13|0x0000000743400000, 0x0000000743400000, 0x0000000743600000|  0%| F|  |TAMS 0x0000000743400000| PB 0x0000000743400000| Untracked 
|  14|0x0000000743600000, 0x0000000743600000, 0x0000000743800000|  0%| F|  |TAMS 0x0000000743600000| PB 0x0000000743600000| Untracked 
|  15|0x0000000743800000, 0x000000074390fdd0, 0x0000000743a00000| 53%| E|  |TAMS 0x0000000743800000| PB 0x0000000743800000| Complete 
|  16|0x0000000743a00000, 0x0000000743c00000, 0x0000000743c00000|100%| E|CS|TAMS 0x0000000743a00000| PB 0x0000000743a00000| Complete 
|  17|0x0000000743c00000, 0x0000000743e00000, 0x0000000743e00000|100%| E|CS|TAMS 0x0000000743c00000| PB 0x0000000743c00000| Complete 
|  18|0x0000000743e00000, 0x0000000744000000, 0x0000000744000000|100%| E|CS|TAMS 0x0000000743e00000| PB 0x0000000743e00000| Complete 
|  19|0x0000000744000000, 0x0000000744200000, 0x0000000744200000|100%| E|CS|TAMS 0x0000000744000000| PB 0x0000000744000000| Complete 
|  20|0x0000000744200000, 0x0000000744400000, 0x0000000744400000|100%| E|CS|TAMS 0x0000000744200000| PB 0x0000000744200000| Complete 
|  21|0x0000000744400000, 0x0000000744600000, 0x0000000744600000|100%| E|CS|TAMS 0x0000000744400000| PB 0x0000000744400000| Complete 
|  75|0x000000074b000000, 0x000000074b0ff838, 0x000000074b200000| 49%| S|CS|TAMS 0x000000074b000000| PB 0x000000074b000000| Complete 
|  76|0x000000074b200000, 0x000000074b400000, 0x000000074b400000|100%| S|CS|TAMS 0x000000074b200000| PB 0x000000074b200000| Complete 
|  77|0x000000074b400000, 0x000000074b600000, 0x000000074b600000|100%| S|CS|TAMS 0x000000074b400000| PB 0x000000074b400000| Complete 
|  78|0x000000074b600000, 0x000000074b800000, 0x000000074b800000|100%| S|CS|TAMS 0x000000074b600000| PB 0x000000074b600000| Complete 
|  95|0x000000074d800000, 0x000000074da00000, 0x000000074da00000|100%| E|CS|TAMS 0x000000074d800000| PB 0x000000074d800000| Complete 

Card table byte_map: [0x0000022baa2d0000,0x0000022baa8d0000] _byte_map_base: 0x0000022ba68c3000

Marking Bits: (CMBitMap*) 0x0000022b928ca7a0
 Bits: [0x0000022baa8d0000, 0x0000022bad868000)

Polling page: 0x0000022b92040000

Metaspace:

Usage:
  Non-class:     21.08 MB used.
      Class:      2.98 MB used.
       Both:     24.06 MB used.

Virtual space:
  Non-class space:       64.00 MB reserved,      21.31 MB ( 33%) committed,  1 nodes.
      Class space:        1.00 GB reserved,       3.19 MB ( <1%) committed,  1 nodes.
             Both:        1.06 GB reserved,      24.50 MB (  2%) committed. 

Chunk freelists:
   Non-Class:  10.40 MB
       Class:  12.75 MB
        Both:  23.15 MB

MaxMetaspaceSize: unlimited
CompressedClassSpaceSize: 1.00 GB
Initial GC threshold: 21.00 MB
Current GC threshold: 35.12 MB
CDS: on
 - commit_granule_bytes: 65536.
 - commit_granule_words: 8192.
 - virtual_space_node_default_size: 8388608.
 - enlarge_chunks_in_place: 1.
 - use_allocation_guard: 0.


Internal statistics:

num_allocs_failed_limit: 3.
num_arena_births: 408.
num_arena_deaths: 0.
num_vsnodes_births: 2.
num_vsnodes_deaths: 0.
num_space_committed: 392.
num_space_uncommitted: 0.
num_chunks_returned_to_freelist: 3.
num_chunks_taken_from_freelist: 1078.
num_chunk_merges: 3.
num_chunk_splits: 701.
num_chunks_enlarged: 483.
num_inconsistent_stats: 0.

CodeHeap 'non-profiled nmethods': size=120000Kb used=1192Kb max_used=1192Kb free=118807Kb
 bounds [0x0000022ba27a0000, 0x0000022ba2a10000, 0x0000022ba9cd0000]
CodeHeap 'profiled nmethods': size=120000Kb used=6204Kb max_used=6204Kb free=113796Kb
 bounds [0x0000022b9acd0000, 0x0000022b9b2e0000, 0x0000022ba2200000]
CodeHeap 'non-nmethods': size=5760Kb used=1531Kb max_used=1543Kb free=4228Kb
 bounds [0x0000022ba2200000, 0x0000022ba2470000, 0x0000022ba27a0000]
 total_blobs=3760 nmethods=3159 adapters=505
 compilation: enabled
              stopped_count=0, restarted_count=0
 full_count=0

Compilation events (20 events):
Event: 23.655 Thread 0x0000022bafd1d700 nmethod 3046 0x0000022b9b292b90 code [0x0000022b9b292d40, 0x0000022b9b292f70]
Event: 23.655 Thread 0x0000022bafd1d700 3047       3       java.math.BigInteger::add (123 bytes)
Event: 23.656 Thread 0x0000022bafd1d700 nmethod 3047 0x0000022b9b293110 code [0x0000022b9b293340, 0x0000022b9b293948]
Event: 23.656 Thread 0x0000022bafd1d700 3048       3       java.math.BigInteger::shiftLeft (155 bytes)
Event: 23.657 Thread 0x0000022bafd1d700 nmethod 3048 0x0000022b9b293b10 code [0x0000022b9b293d40, 0x0000022b9b294730]
Event: 23.660 Thread 0x0000022bafd1d700 3049       3       java.util.Arrays::copyOfRange (25 bytes)
Event: 23.661 Thread 0x0000022bafd1d700 nmethod 3049 0x0000022b9b294b90 code [0x0000022b9b294e40, 0x0000022b9b295a18]
Event: 23.661 Thread 0x0000022bafd1d700 3051       3       java.math.BigInteger::subtract (130 bytes)
Event: 23.662 Thread 0x0000022bafd1d700 nmethod 3051 0x0000022b9b295e90 code [0x0000022b9b296060, 0x0000022b9b2965e8]
Event: 23.662 Thread 0x0000022bafd1d700 3050       3       java.math.BigInteger::add (215 bytes)
Event: 23.662 Thread 0x0000022bafd1d700 nmethod 3050 0x0000022b9b296810 code [0x0000022b9b296a20, 0x0000022b9b297290]
Event: 23.672 Thread 0x0000022bafd1d700 3052       3       java.math.MutableBigInteger::<init> (21 bytes)
Event: 23.672 Thread 0x0000022bafd1d700 nmethod 3052 0x0000022b9b297610 code [0x0000022b9b2977c0, 0x0000022b9b2979a8]
Event: 23.738 Thread 0x0000022bafd1d700 3053       3       java.math.MutableBigInteger::getLowestSetBit (74 bytes)
Event: 23.738 Thread 0x0000022bafd1d700 nmethod 3053 0x0000022b9b297a90 code [0x0000022b9b297c60, 0x0000022b9b297fd0]
Event: 23.738 Thread 0x0000022bafd1d700 3054       3       java.math.MutableBigInteger::normalize (91 bytes)
Event: 23.739 Thread 0x0000022bafd1d700 nmethod 3054 0x0000022b9b298190 code [0x0000022b9b298360, 0x0000022b9b2986f0]
Event: 23.741 Thread 0x0000022bafd1d700 3055       3       sun.security.util.math.IntegerModuloP$MultiplicativeInverser$Secp256R1::inverse (304 bytes)
Event: 23.743 Thread 0x0000022bafd1d700 nmethod 3055 0x0000022b9b298810 code [0x0000022b9b298b80, 0x0000022b9b29a150]
Event: 23.744 Thread 0x0000022bafd1b910 3056       4       sun.security.ec.ECOperations::setSum (685 bytes)

GC Heap History (8 events):
Event: 0.722 GC heap before
{Heap before GC invocations=0 (full 0):
 garbage-first heap   total 196608K, used 10240K [0x0000000741a00000, 0x0000000800000000)
  region size 2048K, 6 young (12288K), 0 survivors (0K)
 Metaspace       used 2083K, committed 2240K, reserved 1114112K
  class space    used 231K, committed 320K, reserved 1048576K
}
Event: 0.727 GC heap after
{Heap after GC invocations=1 (full 0):
 garbage-first heap   total 196608K, used 5876K [0x0000000741a00000, 0x0000000800000000)
  region size 2048K, 1 young (2048K), 1 survivors (2048K)
 Metaspace       used 2083K, committed 2240K, reserved 1114112K
  class space    used 231K, committed 320K, reserved 1048576K
}
Event: 1.164 GC heap before
{Heap before GC invocations=1 (full 0):
 garbage-first heap   total 196608K, used 12020K [0x0000000741a00000, 0x0000000800000000)
  region size 2048K, 4 young (8192K), 1 survivors (2048K)
 Metaspace       used 4349K, committed 4608K, reserved 1114112K
  class space    used 494K, committed 640K, reserved 1048576K
}
Event: 1.168 GC heap after
{Heap after GC invocations=2 (full 0):
 garbage-first heap   total 196608K, used 7477K [0x0000000741a00000, 0x0000000800000000)
  region size 2048K, 1 young (2048K), 1 survivors (2048K)
 Metaspace       used 4349K, committed 4608K, reserved 1114112K
  class space    used 494K, committed 640K, reserved 1048576K
}
Event: 2.934 GC heap before
{Heap before GC invocations=2 (full 0):
 garbage-first heap   total 196608K, used 32053K [0x0000000741a00000, 0x0000000800000000)
  region size 2048K, 14 young (28672K), 1 survivors (2048K)
 Metaspace       used 10985K, committed 11200K, reserved 1114112K
  class space    used 1267K, committed 1344K, reserved 1048576K
}
Event: 2.941 GC heap after
{Heap after GC invocations=3 (full 0):
 garbage-first heap   total 196608K, used 9588K [0x0000000741a00000, 0x0000000800000000)
  region size 2048K, 2 young (4096K), 2 survivors (4096K)
 Metaspace       used 10985K, committed 11200K, reserved 1114112K
  class space    used 1267K, committed 1344K, reserved 1048576K
}
Event: 11.045 GC heap before
{Heap before GC invocations=3 (full 0):
 garbage-first heap   total 196608K, used 38260K [0x0000000741a00000, 0x0000000800000000)
  region size 2048K, 17 young (34816K), 2 survivors (4096K)
 Metaspace       used 21161K, committed 21504K, reserved 1114112K
  class space    used 2615K, committed 2752K, reserved 1048576K
}
Event: 11.055 GC heap after
{Heap after GC invocations=4 (full 0):
 garbage-first heap   total 196608K, used 13131K [0x0000000741a00000, 0x0000000800000000)
  region size 2048K, 4 young (8192K), 4 survivors (8192K)
 Metaspace       used 21161K, committed 21504K, reserved 1114112K
  class space    used 2615K, committed 2752K, reserved 1048576K
}

Dll operation events (12 events):
Event: 0.012 Loaded shared library C:\Program Files\Java\jdk-21\bin\java.dll
Event: 0.058 Loaded shared library C:\Program Files\Java\jdk-21\bin\jsvml.dll
Event: 0.244 Loaded shared library C:\Program Files\Java\jdk-21\bin\zip.dll
Event: 0.248 Loaded shared library C:\Program Files\Java\jdk-21\bin\instrument.dll
Event: 0.255 Loaded shared library C:\Program Files\Java\jdk-21\bin\net.dll
Event: 0.257 Loaded shared library C:\Program Files\Java\jdk-21\bin\nio.dll
Event: 0.264 Loaded shared library C:\Program Files\Java\jdk-21\bin\zip.dll
Event: 0.277 Loaded shared library C:\Program Files\JetBrains\IntelliJ IDEA Community Edition 2023.2.4\bin\breakgen64.dll
Event: 0.291 Loaded shared library C:\Program Files\Java\jdk-21\bin\extnet.dll
Event: 0.366 Loaded shared library C:\Program Files\Java\jdk-21\bin\verify.dll
Event: 0.666 Loaded shared library C:\Program Files\Java\jdk-21\bin\jimage.dll
Event: 5.878 Loaded shared library C:\Program Files\Java\jdk-21\bin\sunmscapi.dll

Deoptimization events (20 events):
Event: 23.133 Thread 0x0000022b9079dd10 Uncommon trap: trap_request=0xffffffde fr.pc=0x0000022ba2871918 relative=0x00000000000008d8
Event: 23.133 Thread 0x0000022b9079dd10 Uncommon trap: reason=class_check action=maybe_recompile pc=0x0000022ba2871918 method=java.util.HashMap.putVal(ILjava/lang/Object;Ljava/lang/Object;ZZ)Ljava/lang/Object; @ 91 c2
Event: 23.133 Thread 0x0000022b9079dd10 DEOPT PACKING pc=0x0000022ba2871918 sp=0x0000004455ffdbe0
Event: 23.133 Thread 0x0000022b9079dd10 DEOPT UNPACKING pc=0x0000022ba22546a2 sp=0x0000004455ffdb70 mode 2
Event: 23.133 Thread 0x0000022b9079dd10 Uncommon trap: trap_request=0xffffffde fr.pc=0x0000022ba2871918 relative=0x00000000000008d8
Event: 23.133 Thread 0x0000022b9079dd10 Uncommon trap: reason=class_check action=maybe_recompile pc=0x0000022ba2871918 method=java.util.HashMap.putVal(ILjava/lang/Object;Ljava/lang/Object;ZZ)Ljava/lang/Object; @ 91 c2
Event: 23.133 Thread 0x0000022b9079dd10 DEOPT PACKING pc=0x0000022ba2871918 sp=0x0000004455ffdbe0
Event: 23.133 Thread 0x0000022b9079dd10 DEOPT UNPACKING pc=0x0000022ba22546a2 sp=0x0000004455ffdb70 mode 2
Event: 23.133 Thread 0x0000022b9079dd10 Uncommon trap: trap_request=0xffffffde fr.pc=0x0000022ba2871918 relative=0x00000000000008d8
Event: 23.133 Thread 0x0000022b9079dd10 Uncommon trap: reason=class_check action=maybe_recompile pc=0x0000022ba2871918 method=java.util.HashMap.putVal(ILjava/lang/Object;Ljava/lang/Object;ZZ)Ljava/lang/Object; @ 91 c2
Event: 23.133 Thread 0x0000022b9079dd10 DEOPT PACKING pc=0x0000022ba2871918 sp=0x0000004455ffdca0
Event: 23.133 Thread 0x0000022b9079dd10 DEOPT UNPACKING pc=0x0000022ba22546a2 sp=0x0000004455ffdc30 mode 2
Event: 23.133 Thread 0x0000022b9079dd10 Uncommon trap: trap_request=0xffffffde fr.pc=0x0000022ba2871918 relative=0x00000000000008d8
Event: 23.133 Thread 0x0000022b9079dd10 Uncommon trap: reason=class_check action=maybe_recompile pc=0x0000022ba2871918 method=java.util.HashMap.putVal(ILjava/lang/Object;Ljava/lang/Object;ZZ)Ljava/lang/Object; @ 91 c2
Event: 23.133 Thread 0x0000022b9079dd10 DEOPT PACKING pc=0x0000022ba2871918 sp=0x0000004455ffdca0
Event: 23.133 Thread 0x0000022b9079dd10 DEOPT UNPACKING pc=0x0000022ba22546a2 sp=0x0000004455ffdc30 mode 2
Event: 23.431 Thread 0x0000022b9079dd10 Uncommon trap: trap_request=0xffffff45 fr.pc=0x0000022ba2806eb0 relative=0x0000000000000090
Event: 23.431 Thread 0x0000022b9079dd10 Uncommon trap: reason=unstable_if action=reinterpret pc=0x0000022ba2806eb0 method=jdk.internal.misc.Unsafe.convEndian(ZI)I @ 4 c2
Event: 23.432 Thread 0x0000022b9079dd10 DEOPT PACKING pc=0x0000022ba2806eb0 sp=0x0000004455ffc1b0
Event: 23.432 Thread 0x0000022b9079dd10 DEOPT UNPACKING pc=0x0000022ba22546a2 sp=0x0000004455ffc0e0 mode 2

Classes loaded (20 events):
Event: 23.501 Loading class sun/security/ssl/XDHKeyExchange$1
Event: 23.501 Loading class sun/security/ssl/XDHKeyExchange$1 done
Event: 23.501 Loading class sun/security/ssl/KeyShareExtension$KeyShareEntry
Event: 23.501 Loading class sun/security/ssl/KeyShareExtension$KeyShareEntry done
Event: 23.501 Loading class sun/security/ssl/ECDHKeyExchange$ECDHEPossession
Event: 23.501 Loading class sun/security/ssl/ECDHKeyExchange$ECDHEPossession done
Event: 23.502 Loading class sun/security/util/math/intpoly/IntegerPolynomialP384
Event: 23.502 Loading class sun/security/util/math/intpoly/IntegerPolynomialP384 done
Event: 23.502 Loading class sun/security/util/math/intpoly/IntegerPolynomialP521
Event: 23.502 Loading class sun/security/util/math/intpoly/IntegerPolynomialP521 done
Event: 23.502 Loading class sun/security/util/math/intpoly/P384OrderField
Event: 23.502 Loading class sun/security/util/math/intpoly/P384OrderField done
Event: 23.503 Loading class sun/security/util/math/intpoly/P521OrderField
Event: 23.503 Loading class sun/security/util/math/intpoly/P521OrderField done
Event: 23.504 Loading class java/security/interfaces/ECPrivateKey
Event: 23.504 Loading class java/security/interfaces/ECPrivateKey done
Event: 23.504 Loading class sun/security/util/ArrayUtil
Event: 23.504 Loading class sun/security/util/ArrayUtil done
Event: 23.509 Loading class sun/security/util/math/IntegerModuloP$MultiplicativeInverser$Secp256R1
Event: 23.509 Loading class sun/security/util/math/IntegerModuloP$MultiplicativeInverser$Secp256R1 done

Classes unloaded (0 events):
No events

Classes redefined (0 events):
No events

Internal exceptions (20 events):
Event: 5.357 Thread 0x0000022b9079dd10 Exception <a 'sun/nio/fs/WindowsException'{0x000000074d1e8d00}> (0x000000074d1e8d00) 
thrown [s\open\src\hotspot\share\prims\jni.cpp, line 520]
Event: 6.012 Thread 0x0000022b9079dd10 Exception <a 'java/lang/IncompatibleClassChangeError'{0x000000074c8ee348}: Found class java.lang.Object, but interface was expected> (0x000000074c8ee348) 
thrown [s\open\src\hotspot\share\interpreter\linkResolver.cpp, line 840]
Event: 6.019 Thread 0x0000022b9079dd10 Exception <a 'java/lang/NoSuchMethodError'{0x000000074c915e00}: 'java.lang.Object java.lang.invoke.DirectMethodHandle$Holder.invokeVirtual(java.lang.Object, java.lang.Object, java.lang.Object, java.lang.Object)'> (0x000000074c915e00) 
thrown [s\open\src\hotspot\share\interpreter\linkResolver.cpp, line 773]
Event: 6.089 Thread 0x0000022bf7395520 Exception <a 'java/net/ConnectException'{0x000000074c60a6b8}: Connection refused: no further information> (0x000000074c60a6b8) 
thrown [s\open\src\hotspot\share\prims\jni.cpp, line 539]
Event: 6.128 Thread 0x0000022bf7395520 Exception <a 'java/net/ConnectException'{0x000000074c60b7b8}: Connection refused: no further information> (0x000000074c60b7b8) 
thrown [s\open\src\hotspot\share\prims\jni.cpp, line 539]
Event: 6.161 Thread 0x0000022bf7395520 Exception <a 'java/net/ConnectException'{0x000000074c60c6e0}: Connection refused: no further information> (0x000000074c60c6e0) 
thrown [s\open\src\hotspot\share\prims\jni.cpp, line 539]
Event: 6.216 Thread 0x0000022bf7395520 Exception <a 'java/net/ConnectException'{0x000000074c60d608}: Connection refused: no further information> (0x000000074c60d608) 
thrown [s\open\src\hotspot\share\prims\jni.cpp, line 539]
Event: 6.306 Thread 0x0000022bf7395520 Exception <a 'java/net/ConnectException'{0x000000074c60e530}: Connection refused: no further information> (0x000000074c60e530) 
thrown [s\open\src\hotspot\share\prims\jni.cpp, line 539]
Event: 6.481 Thread 0x0000022bf7395520 Exception <a 'java/net/ConnectException'{0x000000074c60f458}: Connection refused: no further information> (0x000000074c60f458) 
thrown [s\open\src\hotspot\share\prims\jni.cpp, line 539]
Event: 6.809 Thread 0x0000022bf7395520 Exception <a 'java/net/ConnectException'{0x000000074c610380}: Connection refused: no further information> (0x000000074c610380) 
thrown [s\open\src\hotspot\share\prims\jni.cpp, line 539]
Event: 7.139 Thread 0x0000022bf7395520 Exception <a 'java/net/ConnectException'{0x000000074c6112a8}: Connection refused: no further information> (0x000000074c6112a8) 
thrown [s\open\src\hotspot\share\prims\jni.cpp, line 539]
Event: 7.470 Thread 0x0000022bf7395520 Exception <a 'java/net/ConnectException'{0x000000074c6121d0}: Connection refused: no further information> (0x000000074c6121d0) 
thrown [s\open\src\hotspot\share\prims\jni.cpp, line 539]
Event: 7.827 Thread 0x0000022bf7395520 Exception <a 'java/net/ConnectException'{0x000000074c6130f8}: Connection refused: no further information> (0x000000074c6130f8) 
thrown [s\open\src\hotspot\share\prims\jni.cpp, line 539]
Event: 8.278 Thread 0x0000022b9079dd10 Exception <a 'java/lang/NoSuchMethodError'{0x000000074c75bd60}: 'java.lang.Object java.lang.invoke.DirectMethodHandle$Holder.newInvokeSpecial(java.lang.Object, java.lang.Object, int, int)'> (0x000000074c75bd60) 
thrown [s\open\src\hotspot\share\interpreter\linkResolver.cpp, line 773]
Event: 8.279 Thread 0x0000022b9079dd10 Exception <a 'java/lang/NoSuchMethodError'{0x000000074c766238}: 'void java.lang.invoke.DirectMethodHandle$Holder.invokeStatic(java.lang.Object, java.lang.Object, int)'> (0x000000074c766238) 
thrown [s\open\src\hotspot\share\interpreter\linkResolver.cpp, line 773]
Event: 8.383 Thread 0x0000022b9079dd10 Exception <a 'java/lang/NoSuchMethodError'{0x000000074c236078}: 'void java.lang.invoke.DirectMethodHandle$Holder.invokeStatic(java.lang.Object, java.lang.Object, java.lang.Object, java.lang.Object, java.lang.Object, java.lang.Object, java.lang.Object)'> (0x000000074c236078) 
thrown [s\open\src\hotspot\share\interpreter\linkResolver.cpp, line 773]
Event: 10.516 Thread 0x0000022b9079dd10 Exception <a 'java/lang/NoSuchMethodError'{0x000000074c17bc50}: 'java.lang.Object java.lang.invoke.DirectMethodHandle$Holder.invokeSpecialIFC(java.lang.Object, java.lang.Object, java.lang.Object)'> (0x000000074c17bc50) 
thrown [s\open\src\hotspot\share\interpreter\linkResolver.cpp, line 773]
Event: 11.180 Thread 0x0000022b9079dd10 Exception <a 'java/lang/ClassNotFoundException'{0x000000074455e9f8}: sun/util/logging/resources/spi/loggingProvider> (0x000000074455e9f8) 
thrown [s\open\src\hotspot\share\classfile\systemDictionary.cpp, line 312]
Event: 11.230 Thread 0x0000022b9079dd10 Exception <a 'java/lang/NoSuchMethodError'{0x0000000744257ea8}: 'void java.lang.invoke.Invokers$Holder.invokeExact_MT(java.lang.Object, java.lang.Object, java.lang.Object, java.lang.Object)'> (0x0000000744257ea8) 
thrown [s\open\src\hotspot\share\interpreter\linkResolver.cpp, line 773]
Event: 18.296 Thread 0x0000022b9079dd10 Exception <a 'java/lang/NoSuchMethodError'{0x00000007442e4ff8}: 'void java.lang.invoke.DirectMethodHandle$Holder.invokeInterface(java.lang.Object, java.lang.Object)'> (0x00000007442e4ff8) 
thrown [s\open\src\hotspot\share\interpreter\linkResolver.cpp, line 773]

ZGC Phase Switch (0 events):
No events

VM Operations (20 events):
Event: 11.041 Executing VM operation: HandshakeAllThreads (Deoptimize)
Event: 11.042 Executing VM operation: HandshakeAllThreads (Deoptimize) done
Event: 11.045 Executing VM operation: CollectForMetadataAllocation (Metadata GC Threshold)
Event: 11.055 Executing VM operation: CollectForMetadataAllocation (Metadata GC Threshold) done
Event: 11.068 Executing VM operation: G1PauseRemark
Event: 11.074 Executing VM operation: G1PauseRemark done
Event: 11.074 Executing VM operation: G1PauseCleanup
Event: 11.078 Executing VM operation: G1PauseCleanup done
Event: 12.085 Executing VM operation: Cleanup
Event: 12.085 Executing VM operation: Cleanup done
Event: 18.133 Executing VM operation: Cleanup
Event: 18.133 Executing VM operation: Cleanup done
Event: 19.139 Executing VM operation: Cleanup
Event: 19.139 Executing VM operation: Cleanup done
Event: 23.136 Executing VM operation: HandshakeAllThreads (Deoptimize)
Event: 23.136 Executing VM operation: HandshakeAllThreads (Deoptimize) done
Event: 23.136 Executing VM operation: Cleanup
Event: 23.136 Executing VM operation: Cleanup done
Event: 23.444 Executing VM operation: HandshakeAllThreads (Deoptimize)
Event: 23.444 Executing VM operation: HandshakeAllThreads (Deoptimize) done

Events (20 events):
Event: 3.810 Thread 0x0000022bf647e0e0 Thread added: 0x0000022bf647e0e0
Event: 4.896 Thread 0x0000022bf647e0e0 Thread exited: 0x0000022bf647e0e0
Event: 5.088 Thread 0x0000022bf64cfdd0 Thread added: 0x0000022bf64cfdd0
Event: 5.291 Thread 0x0000022bf67fe1f0 Thread added: 0x0000022bf67fe1f0
Event: 5.956 Thread 0x0000022bf67fe1f0 Thread exited: 0x0000022bf67fe1f0
Event: 5.983 Thread 0x0000022bf51a3b50 Thread added: 0x0000022bf51a3b50
Event: 6.026 Thread 0x0000022bf5f178d0 Thread added: 0x0000022bf5f178d0
Event: 6.029 Thread 0x0000022bf7394840 Thread added: 0x0000022bf7394840
Event: 6.030 Thread 0x0000022bf7394eb0 Thread added: 0x0000022bf7394eb0
Event: 6.038 Thread 0x0000022bf7395520 Thread added: 0x0000022bf7395520
Event: 8.181 Thread 0x0000022bf6d28360 Thread added: 0x0000022bf6d28360
Event: 8.398 Thread 0x0000022bf6d25570 Thread added: 0x0000022bf6d25570
Event: 8.496 Thread 0x0000022bf6d24ee0 Thread added: 0x0000022bf6d24ee0
Event: 10.957 Thread 0x0000022bf6d27640 Thread added: 0x0000022bf6d27640
Event: 10.960 Thread 0x0000022bf6d27cd0 Thread added: 0x0000022bf6d27cd0
Event: 10.991 Thread 0x0000022bf6d25c00 Thread added: 0x0000022bf6d25c00
Event: 10.992 Thread 0x0000022bf6d26290 Thread added: 0x0000022bf6d26290
Event: 11.243 Thread 0x0000022bf6d26920 Thread added: 0x0000022bf6d26920
Event: 18.193 Thread 0x0000022bf6d28360 Thread exited: 0x0000022bf6d28360
Event: 23.425 Thread 0x0000022bf536a0d0 Thread added: 0x0000022bf536a0d0


Dynamic libraries:
0x00007ff77f9d0000 - 0x00007ff77f9e0000 	C:\Program Files\Java\jdk-21\bin\java.exe
0x00007ffdbde10000 - 0x00007ffdbe008000 	C:\WINDOWS\SYSTEM32\ntdll.dll
0x00007ffdbc530000 - 0x00007ffdbc5ed000 	C:\WINDOWS\System32\KERNEL32.DLL
0x00007ffdbba20000 - 0x00007ffdbbd16000 	C:\WINDOWS\System32\KERNELBASE.dll
0x00007ffdbbd70000 - 0x00007ffdbbe70000 	C:\WINDOWS\System32\ucrtbase.dll
0x00007ffdaf830000 - 0x00007ffdaf84b000 	C:\Program Files\Java\jdk-21\bin\VCRUNTIME140.dll
0x00007ffdb3ce0000 - 0x00007ffdb3cf9000 	C:\Program Files\Java\jdk-21\bin\jli.dll
0x00007ffdbd8d0000 - 0x00007ffdbd97f000 	C:\WINDOWS\System32\ADVAPI32.dll
0x00007ffdbbf20000 - 0x00007ffdbbfbe000 	C:\WINDOWS\System32\msvcrt.dll
0x00007ffdbcd40000 - 0x00007ffdbcddc000 	C:\WINDOWS\System32\sechost.dll
0x00007ffdbcba0000 - 0x00007ffdbccc6000 	C:\WINDOWS\System32\RPCRT4.dll
0x00007ffdbca00000 - 0x00007ffdbcb9e000 	C:\WINDOWS\System32\USER32.dll
0x00007ffdbb790000 - 0x00007ffdbb7b2000 	C:\WINDOWS\System32\win32u.dll
0x00007ffdbbe70000 - 0x00007ffdbbe9c000 	C:\WINDOWS\System32\GDI32.dll
0x00007ffdbb850000 - 0x00007ffdbb96a000 	C:\WINDOWS\System32\gdi32full.dll
0x00007ffdbb4f0000 - 0x00007ffdbb58d000 	C:\WINDOWS\System32\msvcp_win.dll
0x00007ffdb11b0000 - 0x00007ffdb144a000 	C:\WINDOWS\WinSxS\amd64_microsoft.windows.common-controls_6595b64144ccf1df_6.0.19041.3636_none_60b6a03d71f818d5\COMCTL32.dll
0x00007ffdb5770000 - 0x00007ffdb577a000 	C:\WINDOWS\SYSTEM32\VERSION.dll
0x00007ffdbc450000 - 0x00007ffdbc480000 	C:\WINDOWS\System32\IMM32.DLL
0x00007ffda7fb0000 - 0x00007ffda7fbc000 	C:\Program Files\Java\jdk-21\bin\vcruntime140_1.dll
0x00007ffd8d6a0000 - 0x00007ffd8d72e000 	C:\Program Files\Java\jdk-21\bin\msvcp140.dll
0x00007ffd80da0000 - 0x00007ffd81ab5000 	C:\Program Files\Java\jdk-21\bin\server\jvm.dll
0x00007ffdbccd0000 - 0x00007ffdbcd3b000 	C:\WINDOWS\System32\WS2_32.dll
0x00007ffdbb3d0000 - 0x00007ffdbb41b000 	C:\WINDOWS\SYSTEM32\POWRPROF.dll
0x00007ffdb1450000 - 0x00007ffdb1477000 	C:\WINDOWS\SYSTEM32\WINMM.dll
0x00007ffdbb370000 - 0x00007ffdbb382000 	C:\WINDOWS\SYSTEM32\UMPDC.dll
0x00007ffdb9d70000 - 0x00007ffdb9d82000 	C:\WINDOWS\SYSTEM32\kernel.appcore.dll
0x00007ffda7cd0000 - 0x00007ffda7cda000 	C:\Program Files\Java\jdk-21\bin\jimage.dll
0x00007ffdb9260000 - 0x00007ffdb9444000 	C:\WINDOWS\SYSTEM32\DBGHELP.DLL
0x00007ffda5b50000 - 0x00007ffda5b84000 	C:\WINDOWS\SYSTEM32\dbgcore.DLL
0x00007ffdbb7c0000 - 0x00007ffdbb842000 	C:\WINDOWS\System32\bcryptPrimitives.dll
0x00007ffdb5b80000 - 0x00007ffdb5b8f000 	C:\Program Files\Java\jdk-21\bin\instrument.dll
0x00007ffda7cb0000 - 0x00007ffda7ccf000 	C:\Program Files\Java\jdk-21\bin\java.dll
0x00007ffdbcee0000 - 0x00007ffdbd625000 	C:\WINDOWS\System32\SHELL32.dll
0x00007ffdb9590000 - 0x00007ffdb9d2b000 	C:\WINDOWS\SYSTEM32\windows.storage.dll
0x00007ffdbc5f0000 - 0x00007ffdbc944000 	C:\WINDOWS\System32\combase.dll
0x00007ffdbae60000 - 0x00007ffdbae8d000 	C:\WINDOWS\SYSTEM32\Wldp.dll
0x00007ffdbc950000 - 0x00007ffdbc9fd000 	C:\WINDOWS\System32\SHCORE.dll
0x00007ffdbcde0000 - 0x00007ffdbce35000 	C:\WINDOWS\System32\shlwapi.dll
0x00007ffdbb420000 - 0x00007ffdbb445000 	C:\WINDOWS\SYSTEM32\profapi.dll
0x00007ffd8c1a0000 - 0x00007ffd8c277000 	C:\Program Files\Java\jdk-21\bin\jsvml.dll
0x00007ffd98930000 - 0x00007ffd98948000 	C:\Program Files\Java\jdk-21\bin\zip.dll
0x00007ffda2060000 - 0x00007ffda2070000 	C:\Program Files\Java\jdk-21\bin\net.dll
0x00007ffdb2740000 - 0x00007ffdb284a000 	C:\WINDOWS\SYSTEM32\WINHTTP.dll
0x00007ffdbabc0000 - 0x00007ffdbac2a000 	C:\WINDOWS\system32\mswsock.dll
0x00007ffda0070000 - 0x00007ffda0086000 	C:\Program Files\Java\jdk-21\bin\nio.dll
0x00007ffd987e0000 - 0x00007ffd987fa000 	C:\Program Files\JetBrains\IntelliJ IDEA Community Edition 2023.2.4\bin\breakgen64.dll
0x00007ffda19e0000 - 0x00007ffda19e7000 	C:\Program Files\Java\jdk-21\bin\extnet.dll
0x00007ffda0060000 - 0x00007ffda0070000 	C:\Program Files\Java\jdk-21\bin\verify.dll
0x00007ffdbadb0000 - 0x00007ffdbadc8000 	C:\WINDOWS\SYSTEM32\CRYPTSP.dll
0x00007ffdba4f0000 - 0x00007ffdba524000 	C:\WINDOWS\system32\rsaenh.dll
0x00007ffdbb590000 - 0x00007ffdbb5b7000 	C:\WINDOWS\System32\bcrypt.dll
0x00007ffdbb390000 - 0x00007ffdbb3be000 	C:\WINDOWS\SYSTEM32\USERENV.dll
0x00007ffdbadd0000 - 0x00007ffdbaddc000 	C:\WINDOWS\SYSTEM32\CRYPTBASE.dll
0x00007ffdba8b0000 - 0x00007ffdba8eb000 	C:\WINDOWS\SYSTEM32\IPHLPAPI.DLL
0x00007ffdbced0000 - 0x00007ffdbced8000 	C:\WINDOWS\System32\NSI.dll
0x00007ffdba950000 - 0x00007ffdbaa1a000 	C:\WINDOWS\SYSTEM32\DNSAPI.dll
0x00007ffdaea40000 - 0x00007ffdaea4a000 	C:\Windows\System32\rasadhlp.dll
0x00007ffdb0520000 - 0x00007ffdb05a0000 	C:\WINDOWS\System32\fwpuclnt.dll
0x00007ffdb8660000 - 0x00007ffdb86f0000 	C:\WINDOWS\system32\apphelp.dll
0x00007ffd9c170000 - 0x00007ffd9c17e000 	C:\Program Files\Java\jdk-21\bin\sunmscapi.dll
0x00007ffdbb630000 - 0x00007ffdbb78d000 	C:\WINDOWS\System32\CRYPT32.dll
0x00007ffdbaed0000 - 0x00007ffdbaef7000 	C:\WINDOWS\SYSTEM32\ncrypt.dll
0x00007ffdbae90000 - 0x00007ffdbaecb000 	C:\WINDOWS\SYSTEM32\NTASN1.dll
0x00007ffdb71d0000 - 0x00007ffdb71d7000 	C:\WINDOWS\system32\wshunix.dll

dbghelp: loaded successfully - version: 4.0.5 - missing functions: none
symbol engine: initialized successfully - sym options: 0x614 - pdb path: .;C:\Program Files\Java\jdk-21\bin;C:\WINDOWS\SYSTEM32;C:\WINDOWS\WinSxS\amd64_microsoft.windows.common-controls_6595b64144ccf1df_6.0.19041.3636_none_60b6a03d71f818d5;C:\Program Files\Java\jdk-21\bin\server;C:\Program Files\JetBrains\IntelliJ IDEA Community Edition 2023.2.4\bin

VM Arguments:
jvm_args: -ea -DnodeNamesHandler=org.jetbrains.plugins.cucumber.java.run.CucumberTestTreeNodeManager -Didea.test.cyclic.buffer.size=1048576 -javaagent:C:\Program Files\JetBrains\IntelliJ IDEA Community Edition 2023.2.4\lib\idea_rt.jar=60582:C:\Program Files\JetBrains\IntelliJ IDEA Community Edition 2023.2.4\bin -Dfile.encoding=UTF-8 -Dsun.stdout.encoding=UTF-8 -Dsun.stderr.encoding=UTF-8 
java_command: com.intellij.rt.junit.JUnitStarter -ideVersion5 -junit4 bdd.runner.Runner
java_class_path (initial): C:\Program Files\JetBrains\IntelliJ IDEA Community Edition 2023.2.4\lib\idea_rt.jar;C:\Program Files\JetBrains\IntelliJ IDEA Community Edition 2023.2.4\plugins\junit\lib\junit5-rt.jar;C:\Program Files\JetBrains\IntelliJ IDEA Community Edition 2023.2.4\plugins\junit\lib\junit-rt.jar;D:\itera\auto\reto_yape\auto\demoWeb-Cucumber\target\test-classes;D:\itera\auto\reto_yape\auto\demoWeb-Cucumber\target\classes;C:\Users\Ronald\.m2\repository\org\junit\jupiter\junit-jupiter-api\5.10.0\junit-jupiter-api-5.10.0.jar;C:\Users\Ronald\.m2\repository\org\opentest4j\opentest4j\1.3.0\opentest4j-1.3.0.jar;C:\Users\Ronald\.m2\repository\org\junit\platform\junit-platform-commons\1.10.0\junit-platform-commons-1.10.0.jar;C:\Users\Ronald\.m2\repository\org\apiguardian\apiguardian-api\1.1.2\apiguardian-api-1.1.2.jar;C:\Users\Ronald\.m2\repository\org\seleniumhq\selenium\selenium-java\4.14.1\selenium-java-4.14.1.jar;C:\Users\Ronald\.m2\repository\org\seleniumhq\selenium\selenium-api\4.14.1\selenium-api-4.14.1.jar;C:\Users\Ronald\.m2\repository\org\seleniumhq\selenium\selenium-chrome-driver\4.14.1\selenium-chrome-driver-4.14.1.jar;C:\Users\Ronald\.m2\repository\com\google\auto\service\auto-service-annotations\1.1.1\auto-service-annotations-1.1.1.jar;C:\Users\Ronald\.m2\repository\com\google\guava\guava\32.1.2-jre\guava-32.1.2-jre.jar;C:\Users\Ronald\.m2\repository\com\google\guava\failureaccess\1.0.1\failureaccess-1.0.1.jar;C:\Users\Ronald\.m2\repository\com\google\guava\listenablefuture\9999.0-empty-to-avoid-conflict-with-guava\listenablefuture-9999.0-empty-to-avoid-conflict-with-guava.jar;C:\Users\Ronald\.m2\repository\com\google\code\findbugs\jsr305\3.0.2\jsr305-3.0.2.jar;C:\Users\Ronald\.m2\repository\org\checkerframework\checker-qual\3.33.0\checker-qual-3.33.0.jar;C:\Users\Ronald\.m2\repository\com\google\errorprone\error_prone_annotations\2.18.0\error_prone_annotations-2.18.0.jar;C:\Users\Ronald\.m2\repository\com\google\j2objc\j2objc-annotations\2.8\j2objc-annotations-2.8.jar;C:\Users\Ronald\.m2\repository\org\seleniumhq\selenium\selenium-chromium-driver\4.14.1\selenium-chromium-driver-4.14.1.jar;C:\Users\Ronald\.m2\repository\org\seleniumhq\selenium\selenium-json\4.14.1\selenium-json-4.14.1.jar;C:\Users\Ronald\.m2\repository\org\seleniumhq\selenium\selenium-manager\4.14.1\selenium-manager-4.14.1.jar;C:\Users\Ronald\.m2\repository\org\seleniumhq\selenium\selenium-devtools-v116\4.14.1\selenium-devtools-v116-4.14.1.jar;C:\Users\Ronald\.m2\repository\org\seleniumhq\selenium\selenium-devtools-v117\4.14.1\selenium-devtools-v117-4.14.1.jar;C:\Users\Ronald\.m2\repository\org\seleniumhq\selenium\selenium-devtools-v118\4.14.1\selenium-devtools-v118-4.14.1.jar;C:\Users\Ronald\.m2\repository\org\seleniumhq\selenium\selenium-devtools-v85\4.14.1\selenium-devtools-v85-4.14.1.jar;C:\Users\Ronald\.m2\repository\org\seleniumhq\selenium\selenium-edge-driver\4.14.1\selenium-edge-driver-4.14.1.jar;C:\Users\Ronald\.m2\repository\org\seleniumhq\selenium\selenium-firefox-driver\4.14.1\selenium-firefox-driver-4.14.1.jar;C:\Users\Ronald\.m2\repository\org\seleniumhq\selenium\selenium-http\4.14.1\selenium-http-4.14.1.jar;C:\Users\Ronald\.m2\repository\dev\failsafe\failsafe\3.3.2\failsafe-3.3.2.jar;C:\Users\Ronald\.m2\repository\org\seleniumhq\selenium\selenium-ie-driver\4.14.1\selenium-ie-driver-4.14.1.jar;C:\Users\Ronald\.m2\repository\org\seleniumhq\selenium\selenium-remote-driver\4.14.1\selenium-remote-driver-4.14.1.jar;C:\Users\Ronald\.m2\repository\io\opentelemetry\opentelemetry-api\1.28.0\opentelemetry-api-1.28.0.jar;C:\Users\Ronald\.m2\repository\io\opentelemetry\opentelemetry-context\1.28.0\opentelemetry-context-1.28.0.jar;C:\Users\Ronald\.m2\repository\io\opentelemetry\opentelemetry-exporter-logging\1.28.0\opentelemetry-exporter-logging-1.28.0.jar;C:\Users\Ronald\.m2\repository\io\opentelemetry\opentelemetry-sdk-metrics\1.28.0\opentelemetry-sdk-metrics-1.28.0.jar;C:\Users\Ronald\.m2\repository\io\opentelemetry\opentelemetry-extension-incubator\1.28.0-alpha\opentelemetry-extension-incubator-1.28.0-alpha.jar;C:\Users\Ronald\.m2\repository\io\opentelemetry\opentelemetry-sdk-logs\1.28.0\opentelemetry-sdk-logs-1.28.0.jar;C:\Users\Ronald\.m2\repository\io\opentelemetry\opentelemetry-sdk-common\1.28.0\opentelemetry-sdk-common-1.28.0.jar;C:\Users\Ronald\.m2\repository\io\opentelemetry\opentelemetry-sdk-extension-autoconfigure-spi\1.28.0\opentelemetry-sdk-extension-autoconfigure-spi-1.28.0.jar;C:\Users\Ronald\.m2\repository\io\opentelemetry\opentelemetry-sdk-extension-autoconfigure\1.28.0\opentelemetry-sdk-extension-autoconfigure-1.28.0.jar;C:\Users\Ronald\.m2\repository\io\opentelemetry\opentelemetry-api-events\1.28.0-alpha\opentelemetry-api-events-1.28.0-alpha.jar;C:\Users\Ronald\.m2\repository\io\opentelemetry\opentelemetry-sdk-trace\1.28.0\opentelemetry-sdk-trace-1.28.0.jar;C:\Users\Ronald\.m2\repository\io\opentelemetry\opentelemetry-sdk\1.28.0\opentelemetry-sdk-1.28.0.jar;C:\Users\Ronald\.m2\repository\io\opentelemetry\opentelemetry-semconv\1.28.0-alpha\opentelemetry-semconv-1.28.0-alpha.jar;C:\Users\Ronald\.m2\repository\net\bytebuddy\byte-buddy\1.14.5\byte-buddy-1.14.5.jar;C:\Users\Ronald\.m2\repository\org\seleniumhq\selenium\selenium-os\4.14.1\selenium-os-4.14.1.jar;C:\Users\Ronald\.m2\repository\org\apache\commons\commons-exec\1.3\commons-exec-1.3.jar;C:\Users\Ronald\.m2\repository\org\seleniumhq\selenium\selenium-safari-driver\4.14.1\selenium-safari-driver-4.14.1.jar;C:\Users\Ronald\.m2\repository\org\seleniumhq\selenium\selenium-support\4.14.1\selenium-support-4.14.1.jar;C:\Users\Ronald\.m2\repository\io\cucumber\cucumber-java\7.13.0\cucumber-java-7.13.0.jar;C:\Users\Ronald\.m2\repository\io\cucumber\cucumber-core\7.13.0\cucumber-core-7.13.0.jar;C:\Users\Ronald\.m2\repository\io\cucumber\cucumber-gherkin\7.13.0\cucumber-gherkin-7.13.0.jar;C:\Users\Ronald\.m2\repository\io\cucumber\cucumber-gherkin-messages\7.13.0\cucumber-gherkin-messages-7.13.0.jar;C:\Users\Ronald\.m2\repository\io\cucumber\gherkin\26.2.0\gherkin-26.2.0.jar;C:\Users\Ronald\.m2\repository\io\cucumber\messages\22.0.0\messages-22.0.0.jar;C:\Users\Ronald\.m2\repository\io\cucumber\tag-expressions\5.0.1\tag-expressions-5.0.1.jar;C:\Users\Ronald\.m2\repository\io\cucumber\cucumber-expressions\16.1.2\cucumber-expressions-16.1.2.jar;C:\Users\Ronald\.m2\repository\io\cucumber\datatable\7.13.0\datatable-7.13.0.jar;C:\Users\Ronald\.m2\repository\io\cucumber\cucumber-plugin\7.13.0\cucumber-plugin-7.13.0.jar;C:\Users\Ronald\.m2\repository\io\cucumber\docstring\7.13.0\docstring-7.13.0.jar;C:\Users\Ronald\.m2\repository\io\cucumber\html-formatter\20.3.1\html-formatter-20.3.1.jar;C:\Users\Ronald\.m2\repository\io\cucumber\junit-xml-formatter\0.2.0\junit-xml-formatter-0.2.0.jar;C:\Users\Ronald\.m2\repository\io\cucumber\ci-environment\9.2.0\ci-environment-9.2.0.jar;C:\Users\Ronald\.m2\repository\io\cucumber\cucumber-junit\7.13.0\cucumber-junit-7.13.0.jar;C:\Users\Ronald\.m2\repository\junit\junit\4.13.2\junit-4.13.2.jar;C:\Users\Ronald\.m2\repository\org\hamcrest\hamcrest-core\1.3\hamcrest-core-1.3.jar;C:\Users\Ronald\.m2\repository\tech\grasshopper\extentreports-cucumber6-adapter\2.16.0\extentreports-cucumber6-adapter-2.16.0.jar;C:\Users\Ronald\.m2\repository\com\aventstack\extentreports\5.0.9\extentreports-5.0.9.jar;C:\Users\Ronald\.m2\repository\io\reactivex\rxjava3\rxjava\3.0.4\rxjava-3.0.4.jar;C:\Users\Ronald\.m2\repository\org\reactivestreams\reactive-streams\1.0.3\reactive-streams-1.0.3.jar;C:\Users\Ronald\.m2\repository\org\freemarker\freemarker\2.3.30\freemarker-2.3.30.jar;C:\Users\Ronald\.m2\repository\com\google\code\gson\gson\2.8.6\gson-2.8.6.jar;C:\Users\Ronald\.m2\repository\tech\grasshopper\extent-pdf-report\2.9.1\extent-pdf-report-2.9.1.jar;C:\Users\Ronald\.m2\repository\tech\grasshopper\cucumber-pdf-report\2.11.1\cucumber-pdf-report-2.11.1.jar;C:\Users\Ronald\.m2\repository\org\apache\pdfbox\pdfbox\2.0.26\pdfbox-2.0.26.jar;C:\Users\Ronald\.m2\repository\org\apache\pdfbox\fontbox\2.0.26\fontbox-2.0.26.jar;C:\Users\Ronald\.m2\repository\org\knowm\xchart\xchart\3.8.0\xchart-3.8.0.jar;C:\Users\Ronald\.m2\repository\de\erichseifert\vectorgraphics2d\VectorGraphics2D\0.13\VectorGraphics2D-0.13.jar;C:\Users\Ronald\.m2\repository\de\rototor\pdfbox\graphics2d\0.30\graphics2d-0.30.jar;C:\Users\Ronald\.m2\repository\com\madgag\animated-gif-lib\1.4\animated-gif-lib-1.4.jar;C:\Users\Ronald\.m2\repository\org\yaml\snakeyaml\1.28\snakeyaml-1.28.jar;C:\Users\Ronald\.m2\repository\tech\grasshopper\table-layout\1.5.1\table-layout-1.5.1.jar;C:\Users\Ronald\.m2\repository\tech\grasshopper\rest-assured-cucumber-pdf-report\1.4.1\rest-assured-cucumber-pdf-report-1.4.1.jar;C:\Users\Ronald\.m2\repository\org\jsoup\jsoup\1.15.3\jsoup-1.15.3.jar;C:\Users\Ronald\.m2\repository\com\aventstack\klov-reporter\5.0.9\klov-reporter-5.0.9.jar;C:\Users\Ronald\.m2\repository\org\mongodb\bson\3.6.4\bson-3.6.4.jar;C:\Users\Ronald\.m2\repository\org\apache\httpcomponents\httpclient\4.5.13\httpclient-4.5.13.jar;C:\Users\Ronald\.m2\repository\org\apache\httpcomponents\httpcore\4.4.13\httpcore-4.4.13.jar;C:\Users\Ronald\.m2\repository\commons-logging\commons-logging\1.2\commons-logging-1.2.jar;C:\Users\Ronald\.m2\repository\commons-codec\commons-codec\1.11\commons-codec-1.11.jar;C:\Users\Ronald\.m2\repository\org\apache\httpcomponents\httpmime\4.5.13\httpmime-4.5.13.jar;C:\Users\Ronald\.m2\repository\tech\grasshopper\htmlextentreporter\1.0.1\htmlextentreporter-1.0.1.jar;C:\Users\Ronald\.m2\repository\tech\grasshopper\extent-excel-report\1.3.0\extent-excel-report-1.3.0.jar;C:\Users\Ronald\.m2\repository\org\apache\poi\poi\5.2.3\poi-5.2.3.jar;C:\Users\Ronald\.m2\repository\org\apache\commons\commons-collections4\4.4\commons-collections4-4.4.jar;C:\Users\Ronald\.m2\repository\org\apache\commons\commons-math3\3.6.1\commons-math3-3.6.1.jar;C:\Users\Ronald\.m2\repository\commons-io\commons-io\2.11.0\commons-io-2.11.0.jar;C:\Users\Ronald\.m2\repository\com\zaxxer\SparseBitSet\1.2\SparseBitSet-1.2.jar;C:\Users\Ronald\.m2\repository\org\apache\logging\log4j\log4j-api\2.18.0\log4j-api-2.18.0.jar;C:\Users\Ronald\.m2\repository\org\apache\poi\poi-ooxml\5.2.3\poi-ooxml-5.2.3.jar;C:\Users\Ronald\.m2\repository\org\apache\poi\poi-ooxml-lite\5.2.3\poi-ooxml-lite-5.2.3.jar;C:\Users\Ronald\.m2\repository\org\apache\xmlbeans\xmlbeans\5.1.1\xmlbeans-5.1.1.jar;C:\Users\Ronald\.m2\repository\org\apache\commons\commons-compress\1.21\commons-compress-1.21.jar;C:\Users\Ronald\.m2\repository\com\github\virtuald\curvesapi\1.07\curvesapi-1.07.jar;C:\Users\Ronald\.m2\repository\org\mongodb\mongodb-driver\3.3.0\mongodb-driver-3.3.0.jar;C:\Users\Ronald\.m2\repository\org\mongodb\mongodb-driver-core\3.3.0\mongodb-driver-core-3.3.0.jar;C:\Users\Ronald\.m2\repository\org\projectlombok\lombok\1.18.20\lombok-1.18.20.jar;C:\Users\Ronald\AppData\Roaming\JetBrains\IdeaIC2023.2\plugins\cucumber-java\lib\cucumber-jvmFormatter.jar
Launcher Type: SUN_STANDARD

[Global flags]
     intx CICompilerCount                          = 3                                         {product} {ergonomic}
     uint ConcGCThreads                            = 1                                         {product} {ergonomic}
     uint G1ConcRefinementThreads                  = 4                                         {product} {ergonomic}
   size_t G1HeapRegionSize                         = 2097152                                   {product} {ergonomic}
    uintx GCDrainStackTargetSize                   = 64                                        {product} {ergonomic}
   size_t InitialHeapSize                          = 201326592                                 {product} {ergonomic}
   size_t MarkStackSize                            = 4194304                                   {product} {ergonomic}
   size_t MaxHeapSize                              = 3193962496                                {product} {ergonomic}
   size_t MaxNewSize                               = 1914699776                                {product} {ergonomic}
   size_t MinHeapDeltaBytes                        = 2097152                                   {product} {ergonomic}
   size_t MinHeapSize                              = 8388608                                   {product} {ergonomic}
    uintx NonNMethodCodeHeapSize                   = 5832780                                {pd product} {ergonomic}
    uintx NonProfiledCodeHeapSize                  = 122912730                              {pd product} {ergonomic}
    uintx ProfiledCodeHeapSize                     = 122912730                              {pd product} {ergonomic}
    uintx ReservedCodeCacheSize                    = 251658240                              {pd product} {ergonomic}
     bool SegmentedCodeCache                       = true                                      {product} {ergonomic}
   size_t SoftMaxHeapSize                          = 3193962496                             {manageable} {ergonomic}
     bool UseCompressedOops                        = true                           {product lp64_product} {ergonomic}
     bool UseG1GC                                  = true                                      {product} {ergonomic}
     bool UseLargePagesIndividualAllocation        = false                                  {pd product} {ergonomic}

Logging:
Log output configuration:
 #0: stdout all=warning uptime,level,tags foldmultilines=false
 #1: stderr all=off uptime,level,tags foldmultilines=false

Environment Variables:
JAVA_HOME=C:\Program Files\Java\jdk-21
PATH=C:\Program Files\Common Files\Oracle\Java\javapath;C:\Program Files (x86)\Common Files\Oracle\Java\javapath;C:\WINDOWS\system32;C:\WINDOWS;C:\WINDOWS\System32\Wbem;C:\WINDOWS\System32\WindowsPowerShell\v1.0\;C:\WINDOWS\System32\OpenSSH\;D:\Intaladores\maven\apache-maven-3.9.5\bin;C:\Program Files\nodejs\;C:\Program Files\Java\jdk-21\bin;C:\Users\Ronald\AppData\Local\Android\Sdk;C:\Users\Ronald\AppData\Local\Android\Sdk\tools;C:\Users\Ronald\AppData\Local\Android\Sdk\platform-tools;C:\Users\Ronald\AppData\Local\Android\Sdk\build-tools;C:\Users\Ronald\AppData\Local\Android\Sdk\tools\bin;C:\Python27;C:\Program Files\Appium Server GUI\resources\app\node_modules;C:\Program Files\Git\cmd;C:\Users\Ronald\AppData\Local\Microsoft\WindowsApps;C:\Users\Ronald\AppData\Roaming\npm;C:\Users\Ronald\AppData\Local\Programs\Microsoft VS Code\bin;C:\Program Files\JetBrains\IntelliJ IDEA Community Edition 2023.2.4\bin;
USERNAME=Ronald
OS=Windows_NT
PROCESSOR_IDENTIFIER=Intel64 Family 6 Model 78 Stepping 3, GenuineIntel
TMP=C:\Users\Ronald\AppData\Local\Temp
TEMP=C:\Users\Ronald\AppData\Local\Temp




Periodic native trim disabled

---------------  S Y S T E M  ---------------

OS:
 Windows 10 , 64 bit Build 19041 (10.0.19041.3636)
OS uptime: 5 days 23:15 hours

CPU: total 4 (initial active 4) (2 cores per cpu, 2 threads per core) family 6 model 78 stepping 3 microcode 0xcc, cx8, cmov, fxsr, ht, mmx, 3dnowpref, sse, sse2, sse3, ssse3, sse4.1, sse4.2, popcnt, lzcnt, tsc, tscinvbit, avx, avx2, aes, erms, clmul, bmi1, bmi2, adx, fma, vzeroupper, clflush, clflushopt, rdtscp, f16c
Processor Information for all 4 processors :
  Max Mhz: 2601, Current Mhz: 2601, Mhz Limit: 2601

Memory: 4k page, system-wide physical 12178M (2371M free)
TotalPageFile size 14226M (AvailPageFile size 2M)
current process WorkingSet (physical memory assigned to process): 126M, peak: 134M
current process commit charge ("private bytes"): 185M, peak: 323M

vm_info: Java HotSpot(TM) 64-Bit Server VM (21.0.1+12-LTS-29) for windows-amd64 JRE (21.0.1+12-LTS-29), built on 2023-10-05T13:27:09Z by "mach5one" with MS VC++ 17.1 (VS2022)

END.
